  Vector4.cpp
  Vector3.cpp
  Vector2.cpp
  Matrix4.cpp
d:\onedrive - university of gloucestershire\level 4\ct4019 - programming and mathematics for games\assignment 2\tiny tanks\deps\math-library\mathlib\matrix4.cpp(136): warning C4553: '==': operator has no effect; did you intend '='?
d:\onedrive - university of gloucestershire\level 4\ct4019 - programming and mathematics for games\assignment 2\tiny tanks\deps\math-library\mathlib\matrix4.cpp(137): warning C4553: '==': operator has no effect; did you intend '='?
d:\onedrive - university of gloucestershire\level 4\ct4019 - programming and mathematics for games\assignment 2\tiny tanks\deps\math-library\mathlib\matrix4.cpp(138): warning C4553: '==': operator has no effect; did you intend '='?
d:\onedrive - university of gloucestershire\level 4\ct4019 - programming and mathematics for games\assignment 2\tiny tanks\deps\math-library\mathlib\matrix4.cpp(139): warning C4553: '==': operator has no effect; did you intend '='?
d:\onedrive - university of gloucestershire\level 4\ct4019 - programming and mathematics for games\assignment 2\tiny tanks\deps\math-library\mathlib\matrix4.cpp(140): warning C4553: '==': operator has no effect; did you intend '='?
d:\onedrive - university of gloucestershire\level 4\ct4019 - programming and mathematics for games\assignment 2\tiny tanks\deps\math-library\mathlib\matrix4.cpp(141): warning C4553: '==': operator has no effect; did you intend '='?
d:\onedrive - university of gloucestershire\level 4\ct4019 - programming and mathematics for games\assignment 2\tiny tanks\deps\math-library\mathlib\matrix4.cpp(142): warning C4553: '==': operator has no effect; did you intend '='?
d:\onedrive - university of gloucestershire\level 4\ct4019 - programming and mathematics for games\assignment 2\tiny tanks\deps\math-library\mathlib\matrix4.cpp(143): warning C4553: '==': operator has no effect; did you intend '='?
d:\onedrive - university of gloucestershire\level 4\ct4019 - programming and mathematics for games\assignment 2\tiny tanks\deps\math-library\mathlib\matrix4.cpp(144): warning C4553: '==': operator has no effect; did you intend '='?
d:\onedrive - university of gloucestershire\level 4\ct4019 - programming and mathematics for games\assignment 2\tiny tanks\deps\math-library\mathlib\matrix4.cpp(145): warning C4553: '==': operator has no effect; did you intend '='?
d:\onedrive - university of gloucestershire\level 4\ct4019 - programming and mathematics for games\assignment 2\tiny tanks\deps\math-library\mathlib\matrix4.cpp(146): warning C4553: '==': operator has no effect; did you intend '='?
d:\onedrive - university of gloucestershire\level 4\ct4019 - programming and mathematics for games\assignment 2\tiny tanks\deps\math-library\mathlib\matrix4.cpp(147): warning C4553: '==': operator has no effect; did you intend '='?
d:\onedrive - university of gloucestershire\level 4\ct4019 - programming and mathematics for games\assignment 2\tiny tanks\deps\math-library\mathlib\matrix4.cpp(148): warning C4553: '==': operator has no effect; did you intend '='?
d:\onedrive - university of gloucestershire\level 4\ct4019 - programming and mathematics for games\assignment 2\tiny tanks\deps\math-library\mathlib\matrix4.cpp(149): warning C4553: '==': operator has no effect; did you intend '='?
d:\onedrive - university of gloucestershire\level 4\ct4019 - programming and mathematics for games\assignment 2\tiny tanks\deps\math-library\mathlib\matrix4.cpp(150): warning C4553: '==': operator has no effect; did you intend '='?
d:\onedrive - university of gloucestershire\level 4\ct4019 - programming and mathematics for games\assignment 2\tiny tanks\deps\math-library\mathlib\matrix4.cpp(151): warning C4553: '==': operator has no effect; did you intend '='?
d:\onedrive - university of gloucestershire\level 4\ct4019 - programming and mathematics for games\assignment 2\tiny tanks\deps\math-library\mathlib\matrix4.cpp(153): warning C4800: 'const Matrix4 *const ': forcing value to bool 'true' or 'false' (performance warning)
d:\onedrive - university of gloucestershire\level 4\ct4019 - programming and mathematics for games\assignment 2\tiny tanks\deps\math-library\mathlib\matrix4.cpp(158): warning C4552: '!=': operator has no effect; expected operator with side-effect
d:\onedrive - university of gloucestershire\level 4\ct4019 - programming and mathematics for games\assignment 2\tiny tanks\deps\math-library\mathlib\matrix4.cpp(159): warning C4552: '!=': operator has no effect; expected operator with side-effect
d:\onedrive - university of gloucestershire\level 4\ct4019 - programming and mathematics for games\assignment 2\tiny tanks\deps\math-library\mathlib\matrix4.cpp(160): warning C4552: '!=': operator has no effect; expected operator with side-effect
d:\onedrive - university of gloucestershire\level 4\ct4019 - programming and mathematics for games\assignment 2\tiny tanks\deps\math-library\mathlib\matrix4.cpp(161): warning C4552: '!=': operator has no effect; expected operator with side-effect
d:\onedrive - university of gloucestershire\level 4\ct4019 - programming and mathematics for games\assignment 2\tiny tanks\deps\math-library\mathlib\matrix4.cpp(162): warning C4552: '!=': operator has no effect; expected operator with side-effect
d:\onedrive - university of gloucestershire\level 4\ct4019 - programming and mathematics for games\assignment 2\tiny tanks\deps\math-library\mathlib\matrix4.cpp(163): warning C4552: '!=': operator has no effect; expected operator with side-effect
d:\onedrive - university of gloucestershire\level 4\ct4019 - programming and mathematics for games\assignment 2\tiny tanks\deps\math-library\mathlib\matrix4.cpp(164): warning C4552: '!=': operator has no effect; expected operator with side-effect
d:\onedrive - university of gloucestershire\level 4\ct4019 - programming and mathematics for games\assignment 2\tiny tanks\deps\math-library\mathlib\matrix4.cpp(165): warning C4552: '!=': operator has no effect; expected operator with side-effect
d:\onedrive - university of gloucestershire\level 4\ct4019 - programming and mathematics for games\assignment 2\tiny tanks\deps\math-library\mathlib\matrix4.cpp(166): warning C4552: '!=': operator has no effect; expected operator with side-effect
d:\onedrive - university of gloucestershire\level 4\ct4019 - programming and mathematics for games\assignment 2\tiny tanks\deps\math-library\mathlib\matrix4.cpp(167): warning C4552: '!=': operator has no effect; expected operator with side-effect
d:\onedrive - university of gloucestershire\level 4\ct4019 - programming and mathematics for games\assignment 2\tiny tanks\deps\math-library\mathlib\matrix4.cpp(168): warning C4552: '!=': operator has no effect; expected operator with side-effect
d:\onedrive - university of gloucestershire\level 4\ct4019 - programming and mathematics for games\assignment 2\tiny tanks\deps\math-library\mathlib\matrix4.cpp(169): warning C4552: '!=': operator has no effect; expected operator with side-effect
d:\onedrive - university of gloucestershire\level 4\ct4019 - programming and mathematics for games\assignment 2\tiny tanks\deps\math-library\mathlib\matrix4.cpp(170): warning C4552: '!=': operator has no effect; expected operator with side-effect
d:\onedrive - university of gloucestershire\level 4\ct4019 - programming and mathematics for games\assignment 2\tiny tanks\deps\math-library\mathlib\matrix4.cpp(171): warning C4552: '!=': operator has no effect; expected operator with side-effect
d:\onedrive - university of gloucestershire\level 4\ct4019 - programming and mathematics for games\assignment 2\tiny tanks\deps\math-library\mathlib\matrix4.cpp(172): warning C4552: '!=': operator has no effect; expected operator with side-effect
d:\onedrive - university of gloucestershire\level 4\ct4019 - programming and mathematics for games\assignment 2\tiny tanks\deps\math-library\mathlib\matrix4.cpp(173): warning C4552: '!=': operator has no effect; expected operator with side-effect
d:\onedrive - university of gloucestershire\level 4\ct4019 - programming and mathematics for games\assignment 2\tiny tanks\deps\math-library\mathlib\matrix4.cpp(175): warning C4800: 'const Matrix4 *const ': forcing value to bool 'true' or 'false' (performance warning)
  Matrix3.cpp
d:\onedrive - university of gloucestershire\level 4\ct4019 - programming and mathematics for games\assignment 2\tiny tanks\deps\math-library\mathlib\matrix3.cpp(125): warning C4553: '==': operator has no effect; did you intend '='?
d:\onedrive - university of gloucestershire\level 4\ct4019 - programming and mathematics for games\assignment 2\tiny tanks\deps\math-library\mathlib\matrix3.cpp(126): warning C4553: '==': operator has no effect; did you intend '='?
d:\onedrive - university of gloucestershire\level 4\ct4019 - programming and mathematics for games\assignment 2\tiny tanks\deps\math-library\mathlib\matrix3.cpp(127): warning C4553: '==': operator has no effect; did you intend '='?
d:\onedrive - university of gloucestershire\level 4\ct4019 - programming and mathematics for games\assignment 2\tiny tanks\deps\math-library\mathlib\matrix3.cpp(128): warning C4553: '==': operator has no effect; did you intend '='?
d:\onedrive - university of gloucestershire\level 4\ct4019 - programming and mathematics for games\assignment 2\tiny tanks\deps\math-library\mathlib\matrix3.cpp(129): warning C4553: '==': operator has no effect; did you intend '='?
d:\onedrive - university of gloucestershire\level 4\ct4019 - programming and mathematics for games\assignment 2\tiny tanks\deps\math-library\mathlib\matrix3.cpp(130): warning C4553: '==': operator has no effect; did you intend '='?
d:\onedrive - university of gloucestershire\level 4\ct4019 - programming and mathematics for games\assignment 2\tiny tanks\deps\math-library\mathlib\matrix3.cpp(131): warning C4553: '==': operator has no effect; did you intend '='?
d:\onedrive - university of gloucestershire\level 4\ct4019 - programming and mathematics for games\assignment 2\tiny tanks\deps\math-library\mathlib\matrix3.cpp(132): warning C4553: '==': operator has no effect; did you intend '='?
d:\onedrive - university of gloucestershire\level 4\ct4019 - programming and mathematics for games\assignment 2\tiny tanks\deps\math-library\mathlib\matrix3.cpp(133): warning C4553: '==': operator has no effect; did you intend '='?
d:\onedrive - university of gloucestershire\level 4\ct4019 - programming and mathematics for games\assignment 2\tiny tanks\deps\math-library\mathlib\matrix3.cpp(134): warning C4800: 'const Matrix3 *const ': forcing value to bool 'true' or 'false' (performance warning)
d:\onedrive - university of gloucestershire\level 4\ct4019 - programming and mathematics for games\assignment 2\tiny tanks\deps\math-library\mathlib\matrix3.cpp(139): warning C4552: '!=': operator has no effect; expected operator with side-effect
d:\onedrive - university of gloucestershire\level 4\ct4019 - programming and mathematics for games\assignment 2\tiny tanks\deps\math-library\mathlib\matrix3.cpp(140): warning C4552: '!=': operator has no effect; expected operator with side-effect
d:\onedrive - university of gloucestershire\level 4\ct4019 - programming and mathematics for games\assignment 2\tiny tanks\deps\math-library\mathlib\matrix3.cpp(141): warning C4552: '!=': operator has no effect; expected operator with side-effect
d:\onedrive - university of gloucestershire\level 4\ct4019 - programming and mathematics for games\assignment 2\tiny tanks\deps\math-library\mathlib\matrix3.cpp(142): warning C4552: '!=': operator has no effect; expected operator with side-effect
d:\onedrive - university of gloucestershire\level 4\ct4019 - programming and mathematics for games\assignment 2\tiny tanks\deps\math-library\mathlib\matrix3.cpp(143): warning C4552: '!=': operator has no effect; expected operator with side-effect
d:\onedrive - university of gloucestershire\level 4\ct4019 - programming and mathematics for games\assignment 2\tiny tanks\deps\math-library\mathlib\matrix3.cpp(144): warning C4552: '!=': operator has no effect; expected operator with side-effect
d:\onedrive - university of gloucestershire\level 4\ct4019 - programming and mathematics for games\assignment 2\tiny tanks\deps\math-library\mathlib\matrix3.cpp(145): warning C4552: '!=': operator has no effect; expected operator with side-effect
d:\onedrive - university of gloucestershire\level 4\ct4019 - programming and mathematics for games\assignment 2\tiny tanks\deps\math-library\mathlib\matrix3.cpp(146): warning C4552: '!=': operator has no effect; expected operator with side-effect
d:\onedrive - university of gloucestershire\level 4\ct4019 - programming and mathematics for games\assignment 2\tiny tanks\deps\math-library\mathlib\matrix3.cpp(147): warning C4552: '!=': operator has no effect; expected operator with side-effect
d:\onedrive - university of gloucestershire\level 4\ct4019 - programming and mathematics for games\assignment 2\tiny tanks\deps\math-library\mathlib\matrix3.cpp(148): warning C4800: 'const Matrix3 *const ': forcing value to bool 'true' or 'false' (performance warning)
  MapCollision.cpp
  Gjk.cpp
d:\onedrive - university of gloucestershire\level 4\ct4019 - programming and mathematics for games\assignment 2\tiny tanks\deps\math-library\mathlib\gjk.cpp(96): warning C4244: 'argument': conversion from 'std::size_t' to 'const float', possible loss of data
  BoxBoxCollision.cpp
d:\onedrive - university of gloucestershire\level 4\ct4019 - programming and mathematics for games\assignment 2\tiny tanks\deps\math-library\mathlib\boxboxcollision.cpp(17): warning C4244: 'initializing': conversion from 'double' to 'float', possible loss of data
d:\onedrive - university of gloucestershire\level 4\ct4019 - programming and mathematics for games\assignment 2\tiny tanks\deps\math-library\mathlib\boxboxcollision.cpp(18): warning C4244: 'initializing': conversion from 'double' to 'float', possible loss of data
d:\onedrive - university of gloucestershire\level 4\ct4019 - programming and mathematics for games\assignment 2\tiny tanks\deps\math-library\mathlib\boxboxcollision.cpp(19): warning C4244: 'initializing': conversion from 'double' to 'float', possible loss of data
d:\onedrive - university of gloucestershire\level 4\ct4019 - programming and mathematics for games\assignment 2\tiny tanks\deps\math-library\mathlib\boxboxcollision.cpp(20): warning C4244: 'initializing': conversion from 'double' to 'float', possible loss of data
d:\onedrive - university of gloucestershire\level 4\ct4019 - programming and mathematics for games\assignment 2\tiny tanks\deps\math-library\mathlib\boxboxcollision.cpp(22): warning C4244: 'initializing': conversion from 'double' to 'float', possible loss of data
d:\onedrive - university of gloucestershire\level 4\ct4019 - programming and mathematics for games\assignment 2\tiny tanks\deps\math-library\mathlib\boxboxcollision.cpp(23): warning C4244: 'initializing': conversion from 'double' to 'float', possible loss of data
d:\onedrive - university of gloucestershire\level 4\ct4019 - programming and mathematics for games\assignment 2\tiny tanks\deps\math-library\mathlib\boxboxcollision.cpp(24): warning C4244: 'initializing': conversion from 'double' to 'float', possible loss of data
d:\onedrive - university of gloucestershire\level 4\ct4019 - programming and mathematics for games\assignment 2\tiny tanks\deps\math-library\mathlib\boxboxcollision.cpp(25): warning C4244: 'initializing': conversion from 'double' to 'float', possible loss of data
  Generating Code...
  MathLib.vcxproj -> D:\OneDrive - University of Gloucestershire\Level 4\CT4019 - Programming and Mathematics for Games\Assignment 2\Tiny Tanks\proj\vs2015\x64\Debug\MathLib.lib
